<?xml version="1.0" encoding="UTF-8"?>
<!-- Generated by org.testng.reporters.JUnitXMLReporter -->
<testsuite hostname="Rohit" ignored="0" name="Test" tests="10" failures="0" timestamp="20 Jun 2021 10:50:25 GMT" time="11.805" errors="0">
  <testcase name="updateRate" time="2.946" classname="Auction_API.UpdateRate"/>
  <testcase name="refreshToken" time="0.836" classname="Auction_API.RefreshToken"/>
  <testcase name="createClient" time="0.769" classname="Auction_API.CreateClient"/>
  <testcase name="userRegister" time="1.153" classname="Auction_API.UserRegister"/>
  <testcase name="createAuction" time="1.457" classname="Auction_API.CreateAuction"/>
  <testcase name="startAuction" time="0.948" classname="Auction_API.StartAuction"/>
  <testcase name="stopAuction" time="0.904" classname="Auction_API.StopAuction"/>
  <testcase name="getAuction" time="0.854" classname="Auction_API.GetAuction"/>
  <testcase name="getAuctionById" time="1.028" classname="Auction_API.GetAuctionById"/>
  <testcase name="getBidOnAuction" time="0.866" classname="Auction_API.GetBidOnAuction"/>
</testsuite> <!-- Test -->
