<?xml version="1.0" encoding="UTF-8"?>
<!-- Generated by org.testng.reporters.JUnitXMLReporter -->
<testsuite hostname="Rohit" ignored="0" name="Test" tests="10" failures="0" timestamp="02 Jul 2021 13:17:51 GMT" time="16.871" errors="0">
  <testcase name="updateRate" time="4.96" classname="Auction_API.UpdateRate"/>
  <testcase name="refreshToken" time="1.373" classname="Auction_API.RefreshToken"/>
  <testcase name="createClient" time="1.218" classname="Auction_API.CreateClient"/>
  <testcase name="userRegister" time="1.505" classname="Auction_API.UserRegister"/>
  <testcase name="createAuction" time="2.078" classname="Auction_API.CreateAuction"/>
  <testcase name="startAuction" time="0.856" classname="Auction_API.StartAuction"/>
  <testcase name="stopAuction" time="0.73" classname="Auction_API.StopAuction"/>
  <testcase name="getAuction" time="1.034" classname="Auction_API.GetAuction"/>
  <testcase name="getAuctionById" time="1.68" classname="Auction_API.GetAuctionById"/>
  <testcase name="getBidOnAuction" time="1.383" classname="Auction_API.GetBidOnAuction"/>
</testsuite> <!-- Test -->
