<?xml version="1.0" encoding="UTF-8"?>
<testsuite name="TestSuite" time="16.822" tests="10" errors="0" skipped="0" failures="0">
  <properties>
[...]
</properties>
  <testcase name="updateRate" classname="Auction_API.UpdateRate" time="5.009"/>
  <testcase name="refreshToken" classname="Auction_API.RefreshToken" time="1.361"/>
  <testcase name="createClient" classname="Auction_API.CreateClient" time="1.216"/>
  <testcase name="userRegister" classname="Auction_API.UserRegister" time="1.472"/>
  <testcase name="createAuction" classname="Auction_API.CreateAuction" time="2.131"/>
  <testcase name="startAuction" classname="Auction_API.StartAuction" time="0.846"/>
  <testcase name="stopAuction" classname="Auction_API.StopAuction" time="0.74"/>
  <testcase name="getAuction" classname="Auction_API.GetAuction" time="1.131"/>
  <testcase name="getAuctionById" classname="Auction_API.GetAuctionById" time="1.544"/>
  <testcase name="getBidOnAuction" classname="Auction_API.GetBidOnAuction" time="1.372"/>
</testsuite>