<?xml version="1.0" encoding="UTF-8"?>
<testng-results skipped="0" failed="0" ignored="0" total="10" passed="10">
  <reporter-output>
  </reporter-output>
  <suite name="Suite" duration-ms="11805" started-at="2021-06-20T10:50:13Z" finished-at="2021-06-20T10:50:25Z">
    <groups>
    </groups>
    <test name="Test" duration-ms="11805" started-at="2021-06-20T10:50:13Z" finished-at="2021-06-20T10:50:25Z">
      <class name="Auction_API.CreateClient">
        <test-method status="PASS" signature="createClient()[pri:0, instance:Auction_API.CreateClient@780cb77]" name="createClient" duration-ms="769" started-at="2021-06-20T10:50:17Z" finished-at="2021-06-20T10:50:17Z">
          <reporter-output>
          </reporter-output>
        </test-method> <!-- createClient -->
      </class> <!-- Auction_API.CreateClient -->
      <class name="Auction_API.CreateAuction">
        <test-method status="PASS" signature="createAuction()[pri:0, instance:Auction_API.CreateAuction@50a7bc6e]" name="createAuction" duration-ms="1457" started-at="2021-06-20T10:50:19Z" finished-at="2021-06-20T10:50:20Z">
          <reporter-output>
          </reporter-output>
        </test-method> <!-- createAuction -->
      </class> <!-- Auction_API.CreateAuction -->
      <class name="Auction_API.GetAuction">
        <test-method status="PASS" signature="getAuction()[pri:0, instance:Auction_API.GetAuction@2d9d4f9d]" name="getAuction" duration-ms="854" started-at="2021-06-20T10:50:22Z" finished-at="2021-06-20T10:50:23Z">
          <reporter-output>
          </reporter-output>
        </test-method> <!-- getAuction -->
      </class> <!-- Auction_API.GetAuction -->
      <class name="Auction_API.GetBidOnAuction">
        <test-method status="PASS" signature="getBidOnAuction()[pri:0, instance:Auction_API.GetBidOnAuction@e50a6f6]" name="getBidOnAuction" duration-ms="866" started-at="2021-06-20T10:50:24Z" finished-at="2021-06-20T10:50:25Z">
          <reporter-output>
          </reporter-output>
        </test-method> <!-- getBidOnAuction -->
      </class> <!-- Auction_API.GetBidOnAuction -->
      <class name="Auction_API.UpdateRate">
        <test-method status="PASS" signature="updateRate()[pri:0, instance:Auction_API.UpdateRate@1d548a08]" name="updateRate" duration-ms="2946" started-at="2021-06-20T10:50:13Z" finished-at="2021-06-20T10:50:16Z">
          <reporter-output>
          </reporter-output>
        </test-method> <!-- updateRate -->
      </class> <!-- Auction_API.UpdateRate -->
      <class name="Auction_API.StopAuction">
        <test-method status="PASS" signature="stopAuction()[pri:0, instance:Auction_API.StopAuction@17c1bced]" name="stopAuction" duration-ms="904" started-at="2021-06-20T10:50:21Z" finished-at="2021-06-20T10:50:22Z">
          <reporter-output>
          </reporter-output>
        </test-method> <!-- stopAuction -->
      </class> <!-- Auction_API.StopAuction -->
      <class name="Auction_API.UserRegister">
        <test-method status="PASS" signature="userRegister()[pri:0, instance:Auction_API.UserRegister@691a7f8f]" name="userRegister" duration-ms="1153" started-at="2021-06-20T10:50:17Z" finished-at="2021-06-20T10:50:19Z">
          <reporter-output>
          </reporter-output>
        </test-method> <!-- userRegister -->
      </class> <!-- Auction_API.UserRegister -->
      <class name="Auction_API.StartAuction">
        <test-method status="PASS" signature="startAuction()[pri:0, instance:Auction_API.StartAuction@161b062a]" name="startAuction" duration-ms="948" started-at="2021-06-20T10:50:20Z" finished-at="2021-06-20T10:50:21Z">
          <reporter-output>
          </reporter-output>
        </test-method> <!-- startAuction -->
      </class> <!-- Auction_API.StartAuction -->
      <class name="Auction_API.GetAuctionById">
        <test-method status="PASS" signature="getAuctionById()[pri:0, instance:Auction_API.GetAuctionById@4034c28c]" name="getAuctionById" duration-ms="1028" started-at="2021-06-20T10:50:23Z" finished-at="2021-06-20T10:50:24Z">
          <reporter-output>
          </reporter-output>
        </test-method> <!-- getAuctionById -->
      </class> <!-- Auction_API.GetAuctionById -->
      <class name="Auction_API.RefreshToken">
        <test-method status="PASS" signature="refreshToken()[pri:0, instance:Auction_API.RefreshToken@16aa0a0a]" name="refreshToken" duration-ms="836" started-at="2021-06-20T10:50:16Z" finished-at="2021-06-20T10:50:17Z">
          <reporter-output>
          </reporter-output>
        </test-method> <!-- refreshToken -->
      </class> <!-- Auction_API.RefreshToken -->
    </test> <!-- Test -->
  </suite> <!-- Suite -->
</testng-results>
